This file contains any messages produced by compilers while
running configure, to aid debugging if configure makes a mistake.

It was created by configure, which was
generated by GNU Autoconf 2.60.  Invocation command line was

  $ ./configure 

## --------- ##
## Platform. ##
## --------- ##

hostname = osol090664
uname -m = i86pc
uname -r = 5.11
uname -s = SunOS
uname -v = snv_111b

/usr/bin/uname -p = i386
/bin/uname -X     = System = SunOS
Node = osol090664
Release = 5.11
KernelID = snv_111b
Machine = i86pc
BusType = <unknown>
Serial = <unknown>
Users = <unknown>
OEM# = 0
Origin# = 1
NumCPU = 2

/bin/arch              = i86pc
/usr/bin/arch -k       = i86pc
/usr/convex/getsysinfo = unknown
/usr/bin/hostinfo      = unknown
/bin/machine           = unknown
/usr/bin/oslevel       = unknown
/bin/universe          = unknown

PATH: /net/s1lab66/vmware/java/SunOS_i386/jdk1.6.0_20/bin
PATH: /bin
PATH: /usr/local/ant/bin
PATH: /usr/local/bin
PATH: /usr/bin
PATH: /sbin
PATH: /usr/sbin
PATH: /usr/bin
PATH: /usr/lib
PATH: /usr/ccs/bin
PATH: /usr/sfw/bin
PATH: /usr/jdk/instances/jdk1.6.0/bin
PATH: /usr/local/sbin
PATH: /usr/local/mozilla
PATH: /usr/proc/bin
PATH: /usr/ccs/lib
PATH: /opt/sfw/bin
PATH: /usr/sfw/sbin
PATH: /usr/sadm/bin
PATH: /opt/csw/bin
PATH: /cores_data/local/bin
PATH: /share/lang
PATH: /usr/dt/bin
PATH: /opt/SUNWdat/bin
PATH: /opt/SUNWfm/bin
PATH: /usr/openwin/bin
PATH: /opt/mdbgen/bin
PATH: /opt/psh/bin
PATH: /opt/Adobe/Acrobat7.0/bin
PATH: /usr/apache/bin
PATH: /usr/local/mysql/bin
PATH: /usr/platform/sun4u/sbin
PATH: /opt/SUNWspro/bin
PATH: /usr/ucb
PATH: /opt/onbld/bin/i386
PATH: /share/cpr-local/share/sh
PATH: /share/SUNWspro_teamware/bin/bringover
PATH: /share/cpr-local/bin
PATH: /share/onnv-tools/onbld/bin/sparc
PATH: /share/onnv-tools/teamware/bin
PATH: .
PATH: /net/s1lab66/vmware/java/SunOS_i386/jdk1.6.0_20/bin
PATH: /net/s1lab66/vmware/work/ka78231/hadoop/bin
PATH: /net/s1lab66/vmware/scala/bin


## ----------- ##
## Core tests. ##
## ----------- ##

configure:1669: checking for gcc
configure:1685: found /usr/sfw/bin/gcc
configure:1696: result: gcc
configure:1934: checking for C compiler version
configure:1941: gcc --version >&5
gcc (GCC) 3.4.3 (csl-sol210-3_4-20050802)
Copyright (C) 2004 Free Software Foundation, Inc.
This is free software; see the source for copying conditions.  There is NO
warranty; not even for MERCHANTABILITY or FITNESS FOR A PARTICULAR PURPOSE.

configure:1944: $? = 0
configure:1951: gcc -v >&5
Reading specs from /usr/sfw/lib/gcc/i386-pc-solaris2.11/3.4.3/specs
Configured with: /builds2/sfwnv-111a/usr/src/cmd/gcc/gcc-3.4.3/configure --prefix=/usr/sfw --with-as=/usr/sfw/bin/gas --with-gnu-as --with-ld=/usr/ccs/bin/ld --without-gnu-ld --enable-languages=c,c++,f77,objc --enable-shared
Thread model: posix
gcc version 3.4.3 (csl-sol210-3_4-20050802)
configure:1954: $? = 0
configure:1961: gcc -V >&5
gcc: `-V' option must have argument
configure:1964: $? = 1
configure:1987: checking for C compiler default output file name
configure:2014: gcc    conftest.c  >&5
configure:2017: $? = 0
configure:2063: result: a.out
configure:2068: checking whether the C compiler works
configure:2078: ./a.out
configure:2081: $? = 0
configure:2098: result: yes
configure:2105: checking whether we are cross compiling
configure:2107: result: no
configure:2110: checking for suffix of executables
configure:2117: gcc -o conftest    conftest.c  >&5
configure:2120: $? = 0
configure:2144: result: 
configure:2150: checking for suffix of object files
configure:2176: gcc -c   conftest.c >&5
configure:2179: $? = 0
configure:2202: result: o
configure:2206: checking whether we are using the GNU C compiler
configure:2235: gcc -c   conftest.c >&5
configure:2241: $? = 0
configure:2248: test -z "$ac_c_werror_flag" || test ! -s conftest.err
configure:2251: $? = 0
configure:2258: test -s conftest.o
configure:2261: $? = 0
configure:2275: result: yes
configure:2280: checking whether gcc accepts -g
configure:2310: gcc -c -g  conftest.c >&5
configure:2316: $? = 0
configure:2323: test -z "$ac_c_werror_flag" || test ! -s conftest.err
configure:2326: $? = 0
configure:2333: test -s conftest.o
configure:2336: $? = 0
configure:2466: result: yes
configure:2483: checking for gcc option to accept ISO C89
configure:2557: gcc  -c -g -O2  conftest.c >&5
configure:2563: $? = 0
configure:2570: test -z "$ac_c_werror_flag" || test ! -s conftest.err
configure:2573: $? = 0
configure:2580: test -s conftest.o
configure:2583: $? = 0
configure:2603: result: none needed
configure:2665: checking for a BSD-compatible install
configure:2721: result: /bin/ginstall -c
configure:2875: creating ./config.status

## ---------------------- ##
## Running config.status. ##
## ---------------------- ##

This file was extended by config.status, which was
generated by GNU Autoconf 2.60.  Invocation command line was

  CONFIG_FILES    = 
  CONFIG_HEADERS  = 
  CONFIG_LINKS    = 
  CONFIG_COMMANDS = 
  $ ./config.status 

on osol090664

config.status:562: creating Makefile

## ---------------- ##
## Cache variables. ##
## ---------------- ##

ac_cv_c_compiler_gnu=yes
ac_cv_env_CC_set=''
ac_cv_env_CC_value=''
ac_cv_env_CFLAGS_set=''
ac_cv_env_CFLAGS_value=''
ac_cv_env_CPPFLAGS_set=''
ac_cv_env_CPPFLAGS_value=''
ac_cv_env_LDFLAGS_set=''
ac_cv_env_LDFLAGS_value=''
ac_cv_env_build_alias_set=''
ac_cv_env_build_alias_value=''
ac_cv_env_host_alias_set=''
ac_cv_env_host_alias_value=''
ac_cv_env_target_alias_set=''
ac_cv_env_target_alias_value=''
ac_cv_objext=o
ac_cv_path_install='/bin/ginstall -c'
ac_cv_prog_ac_ct_CC=gcc
ac_cv_prog_cc_c89=''
ac_cv_prog_cc_g=yes

## ----------------- ##
## Output variables. ##
## ----------------- ##

CC='gcc'
CFLAGS='-g -O2'
CPPFLAGS=''
DEFS='-DPACKAGE_NAME=\"\" -DPACKAGE_TARNAME=\"\" -DPACKAGE_VERSION=\"\" -DPACKAGE_STRING=\"\" -DPACKAGE_BUGREPORT=\"\"'
ECHO_C='ECHO_N=''
ECHO_T=''
EXEEXT=''
INSTALL_DATA='${INSTALL} -m 644'
INSTALL_PROGRAM='${INSTALL}'
INSTALL_SCRIPT='${INSTALL}'
LDFLAGS=''
LIBOBJS=''
LIBS=''
LTLIBOBJS=''
OBJEXT='o'
PACKAGE_BUGREPORT=''
PACKAGE_NAME=''
PACKAGE_STRING=''
PACKAGE_TARNAME=''
PACKAGE_VERSION=''
PATH_SEPARATOR=':'
SHELL='/bin/sh'
ac_ct_CC='gcc'
bindir='${exec_prefix}/bin'
build_alias=''
datadir='${datarootdir}'
datarootdir='${prefix}/share'
docdir='${datarootdir}/doc/${PACKAGE}'
dvidir='${docdir}'
exec_prefix='${prefix}'
host_alias=''
htmldir='${docdir}'
includedir='${prefix}/include'
infodir='${datarootdir}/info'
libdir='${exec_prefix}/lib'
libexecdir='${exec_prefix}/libexec'
localedir='${datarootdir}/locale'
localstatedir='${prefix}/var'
mandir='${datarootdir}/man'
oldincludedir='/usr/include'
pdfdir='${docdir}'
prefix='/usr/local'
program_transform_name='s,x,x,'
psdir='${docdir}'
sbindir='${exec_prefix}/sbin'
sharedstatedir='${prefix}/com'
sysconfdir='${prefix}/etc'
target_alias=''

## ----------- ##
## confdefs.h. ##
## ----------- ##

#define PACKAGE_NAME ""
#define PACKAGE_TARNAME ""
#define PACKAGE_VERSION ""
#define PACKAGE_STRING ""
#define PACKAGE_BUGREPORT ""

configure: exit 0
